[2026-03-26T06:15:11.257+0000] {processor.py:161} INFO - Started process (PID=2875) to work on /opt/airflow/dags/mediassist_etl_dag.py
[2026-03-26T06:15:11.262+0000] {processor.py:830} INFO - Processing file /opt/airflow/dags/mediassist_etl_dag.py for tasks to queue
[2026-03-26T06:15:11.264+0000] {logging_mixin.py:188} INFO - [2026-03-26T06:15:11.263+0000] {dagbag.py:538} INFO - Filling up the DagBag from /opt/airflow/dags/mediassist_etl_dag.py
[2026-03-26T06:15:11.324+0000] {processor.py:840} INFO - DAG(s) 'mediassist_pipeline' retrieved from /opt/airflow/dags/mediassist_etl_dag.py
[2026-03-26T06:15:11.383+0000] {logging_mixin.py:188} INFO - [2026-03-26T06:15:11.382+0000] {dag.py:3036} INFO - Sync 1 DAGs
[2026-03-26T06:15:11.420+0000] {logging_mixin.py:188} INFO - [2026-03-26T06:15:11.420+0000] {dag.py:3823} INFO - Setting next_dagrun for mediassist_pipeline to 2026-03-29 02:00:00+00:00, run_after=2026-04-05 02:00:00+00:00
[2026-03-26T06:15:11.464+0000] {processor.py:183} INFO - Processing /opt/airflow/dags/mediassist_etl_dag.py took 0.212 seconds
[2026-03-26T06:15:41.795+0000] {processor.py:161} INFO - Started process (PID=2882) to work on /opt/airflow/dags/mediassist_etl_dag.py
[2026-03-26T06:15:41.798+0000] {processor.py:830} INFO - Processing file /opt/airflow/dags/mediassist_etl_dag.py for tasks to queue
[2026-03-26T06:15:41.801+0000] {logging_mixin.py:188} INFO - [2026-03-26T06:15:41.800+0000] {dagbag.py:538} INFO - Filling up the DagBag from /opt/airflow/dags/mediassist_etl_dag.py
[2026-03-26T06:15:41.882+0000] {processor.py:840} INFO - DAG(s) 'mediassist_pipeline' retrieved from /opt/airflow/dags/mediassist_etl_dag.py
[2026-03-26T06:15:41.970+0000] {logging_mixin.py:188} INFO - [2026-03-26T06:15:41.970+0000] {dag.py:3036} INFO - Sync 1 DAGs
[2026-03-26T06:15:42.047+0000] {logging_mixin.py:188} INFO - [2026-03-26T06:15:42.046+0000] {dag.py:3823} INFO - Setting next_dagrun for mediassist_pipeline to 2026-03-29 02:00:00+00:00, run_after=2026-04-05 02:00:00+00:00
[2026-03-26T06:15:42.098+0000] {processor.py:183} INFO - Processing /opt/airflow/dags/mediassist_etl_dag.py took 0.315 seconds
[2026-03-26T06:16:12.517+0000] {processor.py:161} INFO - Started process (PID=2887) to work on /opt/airflow/dags/mediassist_etl_dag.py
[2026-03-26T06:16:12.519+0000] {processor.py:830} INFO - Processing file /opt/airflow/dags/mediassist_etl_dag.py for tasks to queue
[2026-03-26T06:16:12.521+0000] {logging_mixin.py:188} INFO - [2026-03-26T06:16:12.520+0000] {dagbag.py:538} INFO - Filling up the DagBag from /opt/airflow/dags/mediassist_etl_dag.py
[2026-03-26T06:16:12.610+0000] {processor.py:840} INFO - DAG(s) 'mediassist_pipeline' retrieved from /opt/airflow/dags/mediassist_etl_dag.py
[2026-03-26T06:16:12.657+0000] {logging_mixin.py:188} INFO - [2026-03-26T06:16:12.657+0000] {dag.py:3036} INFO - Sync 1 DAGs
[2026-03-26T06:16:12.682+0000] {logging_mixin.py:188} INFO - [2026-03-26T06:16:12.681+0000] {dag.py:3823} INFO - Setting next_dagrun for mediassist_pipeline to 2026-03-29 02:00:00+00:00, run_after=2026-04-05 02:00:00+00:00
[2026-03-26T06:16:12.721+0000] {processor.py:183} INFO - Processing /opt/airflow/dags/mediassist_etl_dag.py took 0.208 seconds
[2026-03-26T06:16:43.117+0000] {processor.py:161} INFO - Started process (PID=2892) to work on /opt/airflow/dags/mediassist_etl_dag.py
[2026-03-26T06:16:43.119+0000] {processor.py:830} INFO - Processing file /opt/airflow/dags/mediassist_etl_dag.py for tasks to queue
[2026-03-26T06:16:43.121+0000] {logging_mixin.py:188} INFO - [2026-03-26T06:16:43.121+0000] {dagbag.py:538} INFO - Filling up the DagBag from /opt/airflow/dags/mediassist_etl_dag.py
[2026-03-26T06:16:43.190+0000] {processor.py:840} INFO - DAG(s) 'mediassist_pipeline' retrieved from /opt/airflow/dags/mediassist_etl_dag.py
[2026-03-26T06:16:43.252+0000] {logging_mixin.py:188} INFO - [2026-03-26T06:16:43.252+0000] {dag.py:3036} INFO - Sync 1 DAGs
[2026-03-26T06:16:43.286+0000] {logging_mixin.py:188} INFO - [2026-03-26T06:16:43.286+0000] {dag.py:3823} INFO - Setting next_dagrun for mediassist_pipeline to 2026-03-29 02:00:00+00:00, run_after=2026-04-05 02:00:00+00:00
[2026-03-26T06:16:43.319+0000] {processor.py:183} INFO - Processing /opt/airflow/dags/mediassist_etl_dag.py took 0.208 seconds
[2026-03-26T06:17:13.648+0000] {processor.py:161} INFO - Started process (PID=2897) to work on /opt/airflow/dags/mediassist_etl_dag.py
[2026-03-26T06:17:13.650+0000] {processor.py:830} INFO - Processing file /opt/airflow/dags/mediassist_etl_dag.py for tasks to queue
[2026-03-26T06:17:13.652+0000] {logging_mixin.py:188} INFO - [2026-03-26T06:17:13.651+0000] {dagbag.py:538} INFO - Filling up the DagBag from /opt/airflow/dags/mediassist_etl_dag.py
[2026-03-26T06:17:13.723+0000] {processor.py:840} INFO - DAG(s) 'mediassist_pipeline' retrieved from /opt/airflow/dags/mediassist_etl_dag.py
[2026-03-26T06:17:13.785+0000] {logging_mixin.py:188} INFO - [2026-03-26T06:17:13.784+0000] {dag.py:3036} INFO - Sync 1 DAGs
[2026-03-26T06:17:13.815+0000] {logging_mixin.py:188} INFO - [2026-03-26T06:17:13.815+0000] {dag.py:3823} INFO - Setting next_dagrun for mediassist_pipeline to 2026-03-29 02:00:00+00:00, run_after=2026-04-05 02:00:00+00:00
[2026-03-26T06:17:13.851+0000] {processor.py:183} INFO - Processing /opt/airflow/dags/mediassist_etl_dag.py took 0.207 seconds
[2026-03-26T06:17:44.149+0000] {processor.py:161} INFO - Started process (PID=2902) to work on /opt/airflow/dags/mediassist_etl_dag.py
[2026-03-26T06:17:44.151+0000] {processor.py:830} INFO - Processing file /opt/airflow/dags/mediassist_etl_dag.py for tasks to queue
[2026-03-26T06:17:44.154+0000] {logging_mixin.py:188} INFO - [2026-03-26T06:17:44.153+0000] {dagbag.py:538} INFO - Filling up the DagBag from /opt/airflow/dags/mediassist_etl_dag.py
[2026-03-26T06:17:44.215+0000] {processor.py:840} INFO - DAG(s) 'mediassist_pipeline' retrieved from /opt/airflow/dags/mediassist_etl_dag.py
[2026-03-26T06:17:44.264+0000] {logging_mixin.py:188} INFO - [2026-03-26T06:17:44.263+0000] {dag.py:3036} INFO - Sync 1 DAGs
[2026-03-26T06:17:44.291+0000] {logging_mixin.py:188} INFO - [2026-03-26T06:17:44.290+0000] {dag.py:3823} INFO - Setting next_dagrun for mediassist_pipeline to 2026-03-29 02:00:00+00:00, run_after=2026-04-05 02:00:00+00:00
[2026-03-26T06:17:44.323+0000] {processor.py:183} INFO - Processing /opt/airflow/dags/mediassist_etl_dag.py took 0.182 seconds
[2026-03-26T06:18:14.576+0000] {processor.py:161} INFO - Started process (PID=2907) to work on /opt/airflow/dags/mediassist_etl_dag.py
[2026-03-26T06:18:14.578+0000] {processor.py:830} INFO - Processing file /opt/airflow/dags/mediassist_etl_dag.py for tasks to queue
[2026-03-26T06:18:14.579+0000] {logging_mixin.py:188} INFO - [2026-03-26T06:18:14.579+0000] {dagbag.py:538} INFO - Filling up the DagBag from /opt/airflow/dags/mediassist_etl_dag.py
[2026-03-26T06:18:14.617+0000] {processor.py:840} INFO - DAG(s) 'mediassist_pipeline' retrieved from /opt/airflow/dags/mediassist_etl_dag.py
[2026-03-26T06:18:14.667+0000] {logging_mixin.py:188} INFO - [2026-03-26T06:18:14.667+0000] {dag.py:3036} INFO - Sync 1 DAGs
[2026-03-26T06:18:14.696+0000] {logging_mixin.py:188} INFO - [2026-03-26T06:18:14.696+0000] {dag.py:3823} INFO - Setting next_dagrun for mediassist_pipeline to 2026-03-29 02:00:00+00:00, run_after=2026-04-05 02:00:00+00:00
[2026-03-26T06:18:14.730+0000] {processor.py:183} INFO - Processing /opt/airflow/dags/mediassist_etl_dag.py took 0.158 seconds
[2026-03-26T06:18:44.840+0000] {processor.py:161} INFO - Started process (PID=2912) to work on /opt/airflow/dags/mediassist_etl_dag.py
[2026-03-26T06:18:44.843+0000] {processor.py:830} INFO - Processing file /opt/airflow/dags/mediassist_etl_dag.py for tasks to queue
[2026-03-26T06:18:44.845+0000] {logging_mixin.py:188} INFO - [2026-03-26T06:18:44.845+0000] {dagbag.py:538} INFO - Filling up the DagBag from /opt/airflow/dags/mediassist_etl_dag.py
[2026-03-26T06:18:44.903+0000] {processor.py:840} INFO - DAG(s) 'mediassist_pipeline' retrieved from /opt/airflow/dags/mediassist_etl_dag.py
[2026-03-26T06:18:44.954+0000] {logging_mixin.py:188} INFO - [2026-03-26T06:18:44.954+0000] {dag.py:3036} INFO - Sync 1 DAGs
[2026-03-26T06:18:44.989+0000] {logging_mixin.py:188} INFO - [2026-03-26T06:18:44.989+0000] {dag.py:3823} INFO - Setting next_dagrun for mediassist_pipeline to 2026-03-29 02:00:00+00:00, run_after=2026-04-05 02:00:00+00:00
[2026-03-26T06:18:45.020+0000] {processor.py:183} INFO - Processing /opt/airflow/dags/mediassist_etl_dag.py took 0.185 seconds
[2026-03-26T06:19:15.241+0000] {processor.py:161} INFO - Started process (PID=2917) to work on /opt/airflow/dags/mediassist_etl_dag.py
[2026-03-26T06:19:15.243+0000] {processor.py:830} INFO - Processing file /opt/airflow/dags/mediassist_etl_dag.py for tasks to queue
[2026-03-26T06:19:15.247+0000] {logging_mixin.py:188} INFO - [2026-03-26T06:19:15.245+0000] {dagbag.py:538} INFO - Filling up the DagBag from /opt/airflow/dags/mediassist_etl_dag.py
[2026-03-26T06:19:15.303+0000] {processor.py:840} INFO - DAG(s) 'mediassist_pipeline' retrieved from /opt/airflow/dags/mediassist_etl_dag.py
[2026-03-26T06:19:15.355+0000] {logging_mixin.py:188} INFO - [2026-03-26T06:19:15.355+0000] {dag.py:3036} INFO - Sync 1 DAGs
[2026-03-26T06:19:15.381+0000] {logging_mixin.py:188} INFO - [2026-03-26T06:19:15.381+0000] {dag.py:3823} INFO - Setting next_dagrun for mediassist_pipeline to 2026-03-29 02:00:00+00:00, run_after=2026-04-05 02:00:00+00:00
[2026-03-26T06:19:15.407+0000] {processor.py:183} INFO - Processing /opt/airflow/dags/mediassist_etl_dag.py took 0.170 seconds
[2026-03-26T06:19:45.485+0000] {processor.py:161} INFO - Started process (PID=2922) to work on /opt/airflow/dags/mediassist_etl_dag.py
[2026-03-26T06:19:45.486+0000] {processor.py:830} INFO - Processing file /opt/airflow/dags/mediassist_etl_dag.py for tasks to queue
[2026-03-26T06:19:45.488+0000] {logging_mixin.py:188} INFO - [2026-03-26T06:19:45.488+0000] {dagbag.py:538} INFO - Filling up the DagBag from /opt/airflow/dags/mediassist_etl_dag.py
[2026-03-26T06:19:45.529+0000] {processor.py:840} INFO - DAG(s) 'mediassist_pipeline' retrieved from /opt/airflow/dags/mediassist_etl_dag.py
[2026-03-26T06:19:45.574+0000] {logging_mixin.py:188} INFO - [2026-03-26T06:19:45.573+0000] {dag.py:3036} INFO - Sync 1 DAGs
[2026-03-26T06:19:45.603+0000] {logging_mixin.py:188} INFO - [2026-03-26T06:19:45.602+0000] {dag.py:3823} INFO - Setting next_dagrun for mediassist_pipeline to 2026-03-29 02:00:00+00:00, run_after=2026-04-05 02:00:00+00:00
[2026-03-26T06:19:45.631+0000] {processor.py:183} INFO - Processing /opt/airflow/dags/mediassist_etl_dag.py took 0.150 seconds
[2026-03-26T06:20:15.996+0000] {processor.py:161} INFO - Started process (PID=2927) to work on /opt/airflow/dags/mediassist_etl_dag.py
[2026-03-26T06:20:15.999+0000] {processor.py:830} INFO - Processing file /opt/airflow/dags/mediassist_etl_dag.py for tasks to queue
[2026-03-26T06:20:16.001+0000] {logging_mixin.py:188} INFO - [2026-03-26T06:20:16.000+0000] {dagbag.py:538} INFO - Filling up the DagBag from /opt/airflow/dags/mediassist_etl_dag.py
[2026-03-26T06:20:16.057+0000] {processor.py:840} INFO - DAG(s) 'mediassist_pipeline' retrieved from /opt/airflow/dags/mediassist_etl_dag.py
[2026-03-26T06:20:16.124+0000] {logging_mixin.py:188} INFO - [2026-03-26T06:20:16.123+0000] {dag.py:3036} INFO - Sync 1 DAGs
[2026-03-26T06:20:16.163+0000] {logging_mixin.py:188} INFO - [2026-03-26T06:20:16.163+0000] {dag.py:3823} INFO - Setting next_dagrun for mediassist_pipeline to 2026-03-29 02:00:00+00:00, run_after=2026-04-05 02:00:00+00:00
[2026-03-26T06:20:16.202+0000] {processor.py:183} INFO - Processing /opt/airflow/dags/mediassist_etl_dag.py took 0.211 seconds
[2026-03-26T06:20:46.499+0000] {processor.py:161} INFO - Started process (PID=2932) to work on /opt/airflow/dags/mediassist_etl_dag.py
[2026-03-26T06:20:46.501+0000] {processor.py:830} INFO - Processing file /opt/airflow/dags/mediassist_etl_dag.py for tasks to queue
[2026-03-26T06:20:46.503+0000] {logging_mixin.py:188} INFO - [2026-03-26T06:20:46.503+0000] {dagbag.py:538} INFO - Filling up the DagBag from /opt/airflow/dags/mediassist_etl_dag.py
[2026-03-26T06:20:46.556+0000] {processor.py:840} INFO - DAG(s) 'mediassist_pipeline' retrieved from /opt/airflow/dags/mediassist_etl_dag.py
[2026-03-26T06:20:46.619+0000] {logging_mixin.py:188} INFO - [2026-03-26T06:20:46.618+0000] {dag.py:3036} INFO - Sync 1 DAGs
[2026-03-26T06:20:46.647+0000] {logging_mixin.py:188} INFO - [2026-03-26T06:20:46.647+0000] {dag.py:3823} INFO - Setting next_dagrun for mediassist_pipeline to 2026-03-29 02:00:00+00:00, run_after=2026-04-05 02:00:00+00:00
[2026-03-26T06:20:46.676+0000] {processor.py:183} INFO - Processing /opt/airflow/dags/mediassist_etl_dag.py took 0.182 seconds
[2026-03-26T06:21:17.056+0000] {processor.py:161} INFO - Started process (PID=2937) to work on /opt/airflow/dags/mediassist_etl_dag.py
[2026-03-26T06:21:17.062+0000] {processor.py:830} INFO - Processing file /opt/airflow/dags/mediassist_etl_dag.py for tasks to queue
[2026-03-26T06:21:17.066+0000] {logging_mixin.py:188} INFO - [2026-03-26T06:21:17.064+0000] {dagbag.py:538} INFO - Filling up the DagBag from /opt/airflow/dags/mediassist_etl_dag.py
[2026-03-26T06:21:17.153+0000] {processor.py:840} INFO - DAG(s) 'mediassist_pipeline' retrieved from /opt/airflow/dags/mediassist_etl_dag.py
[2026-03-26T06:21:17.228+0000] {logging_mixin.py:188} INFO - [2026-03-26T06:21:17.227+0000] {dag.py:3036} INFO - Sync 1 DAGs
[2026-03-26T06:21:17.264+0000] {logging_mixin.py:188} INFO - [2026-03-26T06:21:17.263+0000] {dag.py:3823} INFO - Setting next_dagrun for mediassist_pipeline to 2026-03-29 02:00:00+00:00, run_after=2026-04-05 02:00:00+00:00
[2026-03-26T06:21:17.296+0000] {processor.py:183} INFO - Processing /opt/airflow/dags/mediassist_etl_dag.py took 0.252 seconds
[2026-03-26T06:21:47.427+0000] {processor.py:161} INFO - Started process (PID=2942) to work on /opt/airflow/dags/mediassist_etl_dag.py
[2026-03-26T06:21:47.430+0000] {processor.py:830} INFO - Processing file /opt/airflow/dags/mediassist_etl_dag.py for tasks to queue
[2026-03-26T06:21:47.432+0000] {logging_mixin.py:188} INFO - [2026-03-26T06:21:47.431+0000] {dagbag.py:538} INFO - Filling up the DagBag from /opt/airflow/dags/mediassist_etl_dag.py
[2026-03-26T06:21:47.487+0000] {processor.py:840} INFO - DAG(s) 'mediassist_pipeline' retrieved from /opt/airflow/dags/mediassist_etl_dag.py
[2026-03-26T06:21:47.525+0000] {logging_mixin.py:188} INFO - [2026-03-26T06:21:47.525+0000] {dag.py:3036} INFO - Sync 1 DAGs
[2026-03-26T06:21:47.550+0000] {logging_mixin.py:188} INFO - [2026-03-26T06:21:47.550+0000] {dag.py:3823} INFO - Setting next_dagrun for mediassist_pipeline to 2026-03-29 02:00:00+00:00, run_after=2026-04-05 02:00:00+00:00
[2026-03-26T06:21:47.582+0000] {processor.py:183} INFO - Processing /opt/airflow/dags/mediassist_etl_dag.py took 0.162 seconds
[2026-03-26T06:22:17.803+0000] {processor.py:161} INFO - Started process (PID=2947) to work on /opt/airflow/dags/mediassist_etl_dag.py
[2026-03-26T06:22:17.808+0000] {processor.py:830} INFO - Processing file /opt/airflow/dags/mediassist_etl_dag.py for tasks to queue
[2026-03-26T06:22:17.811+0000] {logging_mixin.py:188} INFO - [2026-03-26T06:22:17.810+0000] {dagbag.py:538} INFO - Filling up the DagBag from /opt/airflow/dags/mediassist_etl_dag.py
[2026-03-26T06:22:17.890+0000] {processor.py:840} INFO - DAG(s) 'mediassist_pipeline' retrieved from /opt/airflow/dags/mediassist_etl_dag.py
[2026-03-26T06:22:17.955+0000] {logging_mixin.py:188} INFO - [2026-03-26T06:22:17.954+0000] {dag.py:3036} INFO - Sync 1 DAGs
[2026-03-26T06:22:17.990+0000] {logging_mixin.py:188} INFO - [2026-03-26T06:22:17.990+0000] {dag.py:3823} INFO - Setting next_dagrun for mediassist_pipeline to 2026-03-29 02:00:00+00:00, run_after=2026-04-05 02:00:00+00:00
[2026-03-26T06:22:18.026+0000] {processor.py:183} INFO - Processing /opt/airflow/dags/mediassist_etl_dag.py took 0.229 seconds
[2026-03-26T06:22:48.328+0000] {processor.py:161} INFO - Started process (PID=2952) to work on /opt/airflow/dags/mediassist_etl_dag.py
[2026-03-26T06:22:48.330+0000] {processor.py:830} INFO - Processing file /opt/airflow/dags/mediassist_etl_dag.py for tasks to queue
[2026-03-26T06:22:48.332+0000] {logging_mixin.py:188} INFO - [2026-03-26T06:22:48.332+0000] {dagbag.py:538} INFO - Filling up the DagBag from /opt/airflow/dags/mediassist_etl_dag.py
[2026-03-26T06:22:48.390+0000] {processor.py:840} INFO - DAG(s) 'mediassist_pipeline' retrieved from /opt/airflow/dags/mediassist_etl_dag.py
[2026-03-26T06:22:48.448+0000] {logging_mixin.py:188} INFO - [2026-03-26T06:22:48.447+0000] {dag.py:3036} INFO - Sync 1 DAGs
[2026-03-26T06:22:48.483+0000] {logging_mixin.py:188} INFO - [2026-03-26T06:22:48.483+0000] {dag.py:3823} INFO - Setting next_dagrun for mediassist_pipeline to 2026-03-29 02:00:00+00:00, run_after=2026-04-05 02:00:00+00:00
[2026-03-26T06:22:48.516+0000] {processor.py:183} INFO - Processing /opt/airflow/dags/mediassist_etl_dag.py took 0.195 seconds
[2026-03-26T06:23:18.683+0000] {processor.py:161} INFO - Started process (PID=2957) to work on /opt/airflow/dags/mediassist_etl_dag.py
[2026-03-26T06:23:18.686+0000] {processor.py:830} INFO - Processing file /opt/airflow/dags/mediassist_etl_dag.py for tasks to queue
[2026-03-26T06:23:18.689+0000] {logging_mixin.py:188} INFO - [2026-03-26T06:23:18.688+0000] {dagbag.py:538} INFO - Filling up the DagBag from /opt/airflow/dags/mediassist_etl_dag.py
[2026-03-26T06:23:18.771+0000] {processor.py:840} INFO - DAG(s) 'mediassist_pipeline' retrieved from /opt/airflow/dags/mediassist_etl_dag.py
[2026-03-26T06:23:18.822+0000] {logging_mixin.py:188} INFO - [2026-03-26T06:23:18.822+0000] {dag.py:3036} INFO - Sync 1 DAGs
[2026-03-26T06:23:18.853+0000] {logging_mixin.py:188} INFO - [2026-03-26T06:23:18.852+0000] {dag.py:3823} INFO - Setting next_dagrun for mediassist_pipeline to 2026-03-29 02:00:00+00:00, run_after=2026-04-05 02:00:00+00:00
[2026-03-26T06:23:18.889+0000] {processor.py:183} INFO - Processing /opt/airflow/dags/mediassist_etl_dag.py took 0.214 seconds
[2026-03-26T06:23:49.114+0000] {processor.py:161} INFO - Started process (PID=2962) to work on /opt/airflow/dags/mediassist_etl_dag.py
[2026-03-26T06:23:49.116+0000] {processor.py:830} INFO - Processing file /opt/airflow/dags/mediassist_etl_dag.py for tasks to queue
[2026-03-26T06:23:49.118+0000] {logging_mixin.py:188} INFO - [2026-03-26T06:23:49.118+0000] {dagbag.py:538} INFO - Filling up the DagBag from /opt/airflow/dags/mediassist_etl_dag.py
[2026-03-26T06:23:49.168+0000] {processor.py:840} INFO - DAG(s) 'mediassist_pipeline' retrieved from /opt/airflow/dags/mediassist_etl_dag.py
[2026-03-26T06:23:49.220+0000] {logging_mixin.py:188} INFO - [2026-03-26T06:23:49.220+0000] {dag.py:3036} INFO - Sync 1 DAGs
[2026-03-26T06:23:49.249+0000] {logging_mixin.py:188} INFO - [2026-03-26T06:23:49.248+0000] {dag.py:3823} INFO - Setting next_dagrun for mediassist_pipeline to 2026-03-29 02:00:00+00:00, run_after=2026-04-05 02:00:00+00:00
[2026-03-26T06:23:49.282+0000] {processor.py:183} INFO - Processing /opt/airflow/dags/mediassist_etl_dag.py took 0.175 seconds
[2026-03-26T06:24:19.517+0000] {processor.py:161} INFO - Started process (PID=2967) to work on /opt/airflow/dags/mediassist_etl_dag.py
[2026-03-26T06:24:19.519+0000] {processor.py:830} INFO - Processing file /opt/airflow/dags/mediassist_etl_dag.py for tasks to queue
[2026-03-26T06:24:19.521+0000] {logging_mixin.py:188} INFO - [2026-03-26T06:24:19.521+0000] {dagbag.py:538} INFO - Filling up the DagBag from /opt/airflow/dags/mediassist_etl_dag.py
[2026-03-26T06:24:19.574+0000] {processor.py:840} INFO - DAG(s) 'mediassist_pipeline' retrieved from /opt/airflow/dags/mediassist_etl_dag.py
[2026-03-26T06:24:19.627+0000] {logging_mixin.py:188} INFO - [2026-03-26T06:24:19.626+0000] {dag.py:3036} INFO - Sync 1 DAGs
[2026-03-26T06:24:19.658+0000] {logging_mixin.py:188} INFO - [2026-03-26T06:24:19.657+0000] {dag.py:3823} INFO - Setting next_dagrun for mediassist_pipeline to 2026-03-29 02:00:00+00:00, run_after=2026-04-05 02:00:00+00:00
[2026-03-26T06:24:19.689+0000] {processor.py:183} INFO - Processing /opt/airflow/dags/mediassist_etl_dag.py took 0.178 seconds
[2026-03-26T06:24:49.939+0000] {processor.py:161} INFO - Started process (PID=2972) to work on /opt/airflow/dags/mediassist_etl_dag.py
[2026-03-26T06:24:49.943+0000] {processor.py:830} INFO - Processing file /opt/airflow/dags/mediassist_etl_dag.py for tasks to queue
[2026-03-26T06:24:49.945+0000] {logging_mixin.py:188} INFO - [2026-03-26T06:24:49.944+0000] {dagbag.py:538} INFO - Filling up the DagBag from /opt/airflow/dags/mediassist_etl_dag.py
[2026-03-26T06:24:50.007+0000] {processor.py:840} INFO - DAG(s) 'mediassist_pipeline' retrieved from /opt/airflow/dags/mediassist_etl_dag.py
[2026-03-26T06:24:50.063+0000] {logging_mixin.py:188} INFO - [2026-03-26T06:24:50.063+0000] {dag.py:3036} INFO - Sync 1 DAGs
[2026-03-26T06:24:50.109+0000] {logging_mixin.py:188} INFO - [2026-03-26T06:24:50.108+0000] {dag.py:3823} INFO - Setting next_dagrun for mediassist_pipeline to 2026-03-29 02:00:00+00:00, run_after=2026-04-05 02:00:00+00:00
[2026-03-26T06:24:50.145+0000] {processor.py:183} INFO - Processing /opt/airflow/dags/mediassist_etl_dag.py took 0.213 seconds
[2026-03-26T06:25:20.413+0000] {processor.py:161} INFO - Started process (PID=2977) to work on /opt/airflow/dags/mediassist_etl_dag.py
[2026-03-26T06:25:20.416+0000] {processor.py:830} INFO - Processing file /opt/airflow/dags/mediassist_etl_dag.py for tasks to queue
[2026-03-26T06:25:20.418+0000] {logging_mixin.py:188} INFO - [2026-03-26T06:25:20.417+0000] {dagbag.py:538} INFO - Filling up the DagBag from /opt/airflow/dags/mediassist_etl_dag.py
[2026-03-26T06:25:20.476+0000] {processor.py:840} INFO - DAG(s) 'mediassist_pipeline' retrieved from /opt/airflow/dags/mediassist_etl_dag.py
[2026-03-26T06:25:20.527+0000] {logging_mixin.py:188} INFO - [2026-03-26T06:25:20.527+0000] {dag.py:3036} INFO - Sync 1 DAGs
[2026-03-26T06:25:20.557+0000] {logging_mixin.py:188} INFO - [2026-03-26T06:25:20.556+0000] {dag.py:3823} INFO - Setting next_dagrun for mediassist_pipeline to 2026-03-29 02:00:00+00:00, run_after=2026-04-05 02:00:00+00:00
[2026-03-26T06:25:20.587+0000] {processor.py:183} INFO - Processing /opt/airflow/dags/mediassist_etl_dag.py took 0.180 seconds
[2026-03-26T06:25:50.777+0000] {processor.py:161} INFO - Started process (PID=2982) to work on /opt/airflow/dags/mediassist_etl_dag.py
[2026-03-26T06:25:50.780+0000] {processor.py:830} INFO - Processing file /opt/airflow/dags/mediassist_etl_dag.py for tasks to queue
[2026-03-26T06:25:50.782+0000] {logging_mixin.py:188} INFO - [2026-03-26T06:25:50.781+0000] {dagbag.py:538} INFO - Filling up the DagBag from /opt/airflow/dags/mediassist_etl_dag.py
[2026-03-26T06:25:50.846+0000] {processor.py:840} INFO - DAG(s) 'mediassist_pipeline' retrieved from /opt/airflow/dags/mediassist_etl_dag.py
[2026-03-26T06:25:50.906+0000] {logging_mixin.py:188} INFO - [2026-03-26T06:25:50.905+0000] {dag.py:3036} INFO - Sync 1 DAGs
[2026-03-26T06:25:50.941+0000] {logging_mixin.py:188} INFO - [2026-03-26T06:25:50.940+0000] {dag.py:3823} INFO - Setting next_dagrun for mediassist_pipeline to 2026-03-29 02:00:00+00:00, run_after=2026-04-05 02:00:00+00:00
[2026-03-26T06:25:50.973+0000] {processor.py:183} INFO - Processing /opt/airflow/dags/mediassist_etl_dag.py took 0.202 seconds
[2026-03-26T06:26:21.239+0000] {processor.py:161} INFO - Started process (PID=2987) to work on /opt/airflow/dags/mediassist_etl_dag.py
[2026-03-26T06:26:21.241+0000] {processor.py:830} INFO - Processing file /opt/airflow/dags/mediassist_etl_dag.py for tasks to queue
[2026-03-26T06:26:21.243+0000] {logging_mixin.py:188} INFO - [2026-03-26T06:26:21.243+0000] {dagbag.py:538} INFO - Filling up the DagBag from /opt/airflow/dags/mediassist_etl_dag.py
[2026-03-26T06:26:21.296+0000] {processor.py:840} INFO - DAG(s) 'mediassist_pipeline' retrieved from /opt/airflow/dags/mediassist_etl_dag.py
[2026-03-26T06:26:21.354+0000] {logging_mixin.py:188} INFO - [2026-03-26T06:26:21.354+0000] {dag.py:3036} INFO - Sync 1 DAGs
[2026-03-26T06:26:21.388+0000] {logging_mixin.py:188} INFO - [2026-03-26T06:26:21.387+0000] {dag.py:3823} INFO - Setting next_dagrun for mediassist_pipeline to 2026-03-29 02:00:00+00:00, run_after=2026-04-05 02:00:00+00:00
[2026-03-26T06:26:21.421+0000] {processor.py:183} INFO - Processing /opt/airflow/dags/mediassist_etl_dag.py took 0.189 seconds
[2026-03-26T06:26:51.623+0000] {processor.py:161} INFO - Started process (PID=2992) to work on /opt/airflow/dags/mediassist_etl_dag.py
[2026-03-26T06:26:51.625+0000] {processor.py:830} INFO - Processing file /opt/airflow/dags/mediassist_etl_dag.py for tasks to queue
[2026-03-26T06:26:51.627+0000] {logging_mixin.py:188} INFO - [2026-03-26T06:26:51.626+0000] {dagbag.py:538} INFO - Filling up the DagBag from /opt/airflow/dags/mediassist_etl_dag.py
[2026-03-26T06:26:51.680+0000] {processor.py:840} INFO - DAG(s) 'mediassist_pipeline' retrieved from /opt/airflow/dags/mediassist_etl_dag.py
[2026-03-26T06:26:51.724+0000] {logging_mixin.py:188} INFO - [2026-03-26T06:26:51.724+0000] {dag.py:3036} INFO - Sync 1 DAGs
[2026-03-26T06:26:51.753+0000] {logging_mixin.py:188} INFO - [2026-03-26T06:26:51.753+0000] {dag.py:3823} INFO - Setting next_dagrun for mediassist_pipeline to 2026-03-29 02:00:00+00:00, run_after=2026-04-05 02:00:00+00:00
[2026-03-26T06:26:51.782+0000] {processor.py:183} INFO - Processing /opt/airflow/dags/mediassist_etl_dag.py took 0.165 seconds
[2026-03-26T06:27:22.055+0000] {processor.py:161} INFO - Started process (PID=2997) to work on /opt/airflow/dags/mediassist_etl_dag.py
[2026-03-26T06:27:22.058+0000] {processor.py:830} INFO - Processing file /opt/airflow/dags/mediassist_etl_dag.py for tasks to queue
[2026-03-26T06:27:22.060+0000] {logging_mixin.py:188} INFO - [2026-03-26T06:27:22.060+0000] {dagbag.py:538} INFO - Filling up the DagBag from /opt/airflow/dags/mediassist_etl_dag.py
[2026-03-26T06:27:22.113+0000] {processor.py:840} INFO - DAG(s) 'mediassist_pipeline' retrieved from /opt/airflow/dags/mediassist_etl_dag.py
[2026-03-26T06:27:22.169+0000] {logging_mixin.py:188} INFO - [2026-03-26T06:27:22.169+0000] {dag.py:3036} INFO - Sync 1 DAGs
[2026-03-26T06:27:22.201+0000] {logging_mixin.py:188} INFO - [2026-03-26T06:27:22.201+0000] {dag.py:3823} INFO - Setting next_dagrun for mediassist_pipeline to 2026-03-29 02:00:00+00:00, run_after=2026-04-05 02:00:00+00:00
[2026-03-26T06:27:22.241+0000] {processor.py:183} INFO - Processing /opt/airflow/dags/mediassist_etl_dag.py took 0.192 seconds
[2026-03-26T06:27:52.439+0000] {processor.py:161} INFO - Started process (PID=3002) to work on /opt/airflow/dags/mediassist_etl_dag.py
[2026-03-26T06:27:52.441+0000] {processor.py:830} INFO - Processing file /opt/airflow/dags/mediassist_etl_dag.py for tasks to queue
[2026-03-26T06:27:52.442+0000] {logging_mixin.py:188} INFO - [2026-03-26T06:27:52.442+0000] {dagbag.py:538} INFO - Filling up the DagBag from /opt/airflow/dags/mediassist_etl_dag.py
[2026-03-26T06:27:52.481+0000] {processor.py:840} INFO - DAG(s) 'mediassist_pipeline' retrieved from /opt/airflow/dags/mediassist_etl_dag.py
[2026-03-26T06:27:52.530+0000] {logging_mixin.py:188} INFO - [2026-03-26T06:27:52.530+0000] {dag.py:3036} INFO - Sync 1 DAGs
[2026-03-26T06:27:52.562+0000] {logging_mixin.py:188} INFO - [2026-03-26T06:27:52.561+0000] {dag.py:3823} INFO - Setting next_dagrun for mediassist_pipeline to 2026-03-29 02:00:00+00:00, run_after=2026-04-05 02:00:00+00:00
[2026-03-26T06:27:52.598+0000] {processor.py:183} INFO - Processing /opt/airflow/dags/mediassist_etl_dag.py took 0.166 seconds
[2026-03-26T06:28:22.891+0000] {processor.py:161} INFO - Started process (PID=3007) to work on /opt/airflow/dags/mediassist_etl_dag.py
[2026-03-26T06:28:22.893+0000] {processor.py:830} INFO - Processing file /opt/airflow/dags/mediassist_etl_dag.py for tasks to queue
[2026-03-26T06:28:22.895+0000] {logging_mixin.py:188} INFO - [2026-03-26T06:28:22.894+0000] {dagbag.py:538} INFO - Filling up the DagBag from /opt/airflow/dags/mediassist_etl_dag.py
[2026-03-26T06:28:22.931+0000] {processor.py:840} INFO - DAG(s) 'mediassist_pipeline' retrieved from /opt/airflow/dags/mediassist_etl_dag.py
[2026-03-26T06:28:22.974+0000] {logging_mixin.py:188} INFO - [2026-03-26T06:28:22.973+0000] {dag.py:3036} INFO - Sync 1 DAGs
[2026-03-26T06:28:22.997+0000] {logging_mixin.py:188} INFO - [2026-03-26T06:28:22.996+0000] {dag.py:3823} INFO - Setting next_dagrun for mediassist_pipeline to 2026-03-29 02:00:00+00:00, run_after=2026-04-05 02:00:00+00:00
[2026-03-26T06:28:23.027+0000] {processor.py:183} INFO - Processing /opt/airflow/dags/mediassist_etl_dag.py took 0.141 seconds
[2026-03-26T06:28:53.254+0000] {processor.py:161} INFO - Started process (PID=3012) to work on /opt/airflow/dags/mediassist_etl_dag.py
[2026-03-26T06:28:53.256+0000] {processor.py:830} INFO - Processing file /opt/airflow/dags/mediassist_etl_dag.py for tasks to queue
[2026-03-26T06:28:53.259+0000] {logging_mixin.py:188} INFO - [2026-03-26T06:28:53.258+0000] {dagbag.py:538} INFO - Filling up the DagBag from /opt/airflow/dags/mediassist_etl_dag.py
[2026-03-26T06:28:53.325+0000] {processor.py:840} INFO - DAG(s) 'mediassist_pipeline' retrieved from /opt/airflow/dags/mediassist_etl_dag.py
[2026-03-26T06:28:53.381+0000] {logging_mixin.py:188} INFO - [2026-03-26T06:28:53.381+0000] {dag.py:3036} INFO - Sync 1 DAGs
[2026-03-26T06:28:53.413+0000] {logging_mixin.py:188} INFO - [2026-03-26T06:28:53.412+0000] {dag.py:3823} INFO - Setting next_dagrun for mediassist_pipeline to 2026-03-29 02:00:00+00:00, run_after=2026-04-05 02:00:00+00:00
[2026-03-26T06:28:53.447+0000] {processor.py:183} INFO - Processing /opt/airflow/dags/mediassist_etl_dag.py took 0.200 seconds
[2026-03-26T06:29:23.738+0000] {processor.py:161} INFO - Started process (PID=3017) to work on /opt/airflow/dags/mediassist_etl_dag.py
[2026-03-26T06:29:23.740+0000] {processor.py:830} INFO - Processing file /opt/airflow/dags/mediassist_etl_dag.py for tasks to queue
[2026-03-26T06:29:23.743+0000] {logging_mixin.py:188} INFO - [2026-03-26T06:29:23.742+0000] {dagbag.py:538} INFO - Filling up the DagBag from /opt/airflow/dags/mediassist_etl_dag.py
[2026-03-26T06:29:23.809+0000] {processor.py:840} INFO - DAG(s) 'mediassist_pipeline' retrieved from /opt/airflow/dags/mediassist_etl_dag.py
[2026-03-26T06:29:23.868+0000] {logging_mixin.py:188} INFO - [2026-03-26T06:29:23.868+0000] {dag.py:3036} INFO - Sync 1 DAGs
[2026-03-26T06:29:23.900+0000] {logging_mixin.py:188} INFO - [2026-03-26T06:29:23.899+0000] {dag.py:3823} INFO - Setting next_dagrun for mediassist_pipeline to 2026-03-29 02:00:00+00:00, run_after=2026-04-05 02:00:00+00:00
[2026-03-26T06:29:23.937+0000] {processor.py:183} INFO - Processing /opt/airflow/dags/mediassist_etl_dag.py took 0.208 seconds
[2026-03-26T06:33:51.146+0000] {processor.py:161} INFO - Started process (PID=3022) to work on /opt/airflow/dags/mediassist_etl_dag.py
[2026-03-26T06:33:51.150+0000] {processor.py:830} INFO - Processing file /opt/airflow/dags/mediassist_etl_dag.py for tasks to queue
[2026-03-26T06:33:51.152+0000] {logging_mixin.py:188} INFO - [2026-03-26T06:33:51.152+0000] {dagbag.py:538} INFO - Filling up the DagBag from /opt/airflow/dags/mediassist_etl_dag.py
[2026-03-26T06:33:51.214+0000] {processor.py:840} INFO - DAG(s) 'mediassist_pipeline' retrieved from /opt/airflow/dags/mediassist_etl_dag.py
[2026-03-26T06:33:51.265+0000] {logging_mixin.py:188} INFO - [2026-03-26T06:33:51.265+0000] {dag.py:3036} INFO - Sync 1 DAGs
[2026-03-26T06:33:51.297+0000] {logging_mixin.py:188} INFO - [2026-03-26T06:33:51.297+0000] {dag.py:3823} INFO - Setting next_dagrun for mediassist_pipeline to 2026-03-29 02:00:00+00:00, run_after=2026-04-05 02:00:00+00:00
[2026-03-26T06:33:51.341+0000] {processor.py:183} INFO - Processing /opt/airflow/dags/mediassist_etl_dag.py took 0.200 seconds
[2026-03-26T06:34:21.522+0000] {processor.py:161} INFO - Started process (PID=3029) to work on /opt/airflow/dags/mediassist_etl_dag.py
[2026-03-26T06:34:21.524+0000] {processor.py:830} INFO - Processing file /opt/airflow/dags/mediassist_etl_dag.py for tasks to queue
[2026-03-26T06:34:21.526+0000] {logging_mixin.py:188} INFO - [2026-03-26T06:34:21.526+0000] {dagbag.py:538} INFO - Filling up the DagBag from /opt/airflow/dags/mediassist_etl_dag.py
[2026-03-26T06:34:21.576+0000] {processor.py:840} INFO - DAG(s) 'mediassist_pipeline' retrieved from /opt/airflow/dags/mediassist_etl_dag.py
[2026-03-26T06:34:21.626+0000] {logging_mixin.py:188} INFO - [2026-03-26T06:34:21.625+0000] {dag.py:3036} INFO - Sync 1 DAGs
[2026-03-26T06:34:21.657+0000] {logging_mixin.py:188} INFO - [2026-03-26T06:34:21.656+0000] {dag.py:3823} INFO - Setting next_dagrun for mediassist_pipeline to 2026-03-29 02:00:00+00:00, run_after=2026-04-05 02:00:00+00:00
[2026-03-26T06:34:21.687+0000] {processor.py:183} INFO - Processing /opt/airflow/dags/mediassist_etl_dag.py took 0.170 seconds
[2026-03-26T06:34:51.834+0000] {processor.py:161} INFO - Started process (PID=3034) to work on /opt/airflow/dags/mediassist_etl_dag.py
[2026-03-26T06:34:51.837+0000] {processor.py:830} INFO - Processing file /opt/airflow/dags/mediassist_etl_dag.py for tasks to queue
[2026-03-26T06:34:51.839+0000] {logging_mixin.py:188} INFO - [2026-03-26T06:34:51.839+0000] {dagbag.py:538} INFO - Filling up the DagBag from /opt/airflow/dags/mediassist_etl_dag.py
[2026-03-26T06:34:51.903+0000] {processor.py:840} INFO - DAG(s) 'mediassist_pipeline' retrieved from /opt/airflow/dags/mediassist_etl_dag.py
[2026-03-26T06:34:51.964+0000] {logging_mixin.py:188} INFO - [2026-03-26T06:34:51.964+0000] {dag.py:3036} INFO - Sync 1 DAGs
[2026-03-26T06:34:51.999+0000] {logging_mixin.py:188} INFO - [2026-03-26T06:34:51.999+0000] {dag.py:3823} INFO - Setting next_dagrun for mediassist_pipeline to 2026-03-29 02:00:00+00:00, run_after=2026-04-05 02:00:00+00:00
[2026-03-26T06:34:52.033+0000] {processor.py:183} INFO - Processing /opt/airflow/dags/mediassist_etl_dag.py took 0.204 seconds
[2026-03-26T06:35:22.326+0000] {processor.py:161} INFO - Started process (PID=3039) to work on /opt/airflow/dags/mediassist_etl_dag.py
[2026-03-26T06:35:22.331+0000] {processor.py:830} INFO - Processing file /opt/airflow/dags/mediassist_etl_dag.py for tasks to queue
[2026-03-26T06:35:22.333+0000] {logging_mixin.py:188} INFO - [2026-03-26T06:35:22.333+0000] {dagbag.py:538} INFO - Filling up the DagBag from /opt/airflow/dags/mediassist_etl_dag.py
[2026-03-26T06:35:22.397+0000] {processor.py:840} INFO - DAG(s) 'mediassist_pipeline' retrieved from /opt/airflow/dags/mediassist_etl_dag.py
[2026-03-26T06:35:22.452+0000] {logging_mixin.py:188} INFO - [2026-03-26T06:35:22.451+0000] {dag.py:3036} INFO - Sync 1 DAGs
[2026-03-26T06:35:22.480+0000] {logging_mixin.py:188} INFO - [2026-03-26T06:35:22.479+0000] {dag.py:3823} INFO - Setting next_dagrun for mediassist_pipeline to 2026-03-29 02:00:00+00:00, run_after=2026-04-05 02:00:00+00:00
[2026-03-26T06:35:22.504+0000] {processor.py:183} INFO - Processing /opt/airflow/dags/mediassist_etl_dag.py took 0.183 seconds
[2026-03-26T06:35:52.703+0000] {processor.py:161} INFO - Started process (PID=3044) to work on /opt/airflow/dags/mediassist_etl_dag.py
[2026-03-26T06:35:52.705+0000] {processor.py:830} INFO - Processing file /opt/airflow/dags/mediassist_etl_dag.py for tasks to queue
[2026-03-26T06:35:52.707+0000] {logging_mixin.py:188} INFO - [2026-03-26T06:35:52.707+0000] {dagbag.py:538} INFO - Filling up the DagBag from /opt/airflow/dags/mediassist_etl_dag.py
[2026-03-26T06:35:52.769+0000] {processor.py:840} INFO - DAG(s) 'mediassist_pipeline' retrieved from /opt/airflow/dags/mediassist_etl_dag.py
[2026-03-26T06:35:52.828+0000] {logging_mixin.py:188} INFO - [2026-03-26T06:35:52.828+0000] {dag.py:3036} INFO - Sync 1 DAGs
[2026-03-26T06:35:52.860+0000] {logging_mixin.py:188} INFO - [2026-03-26T06:35:52.859+0000] {dag.py:3823} INFO - Setting next_dagrun for mediassist_pipeline to 2026-03-29 02:00:00+00:00, run_after=2026-04-05 02:00:00+00:00
[2026-03-26T06:35:52.896+0000] {processor.py:183} INFO - Processing /opt/airflow/dags/mediassist_etl_dag.py took 0.198 seconds
[2026-03-26T06:36:23.191+0000] {processor.py:161} INFO - Started process (PID=3049) to work on /opt/airflow/dags/mediassist_etl_dag.py
[2026-03-26T06:36:23.194+0000] {processor.py:830} INFO - Processing file /opt/airflow/dags/mediassist_etl_dag.py for tasks to queue
[2026-03-26T06:36:23.195+0000] {logging_mixin.py:188} INFO - [2026-03-26T06:36:23.195+0000] {dagbag.py:538} INFO - Filling up the DagBag from /opt/airflow/dags/mediassist_etl_dag.py
[2026-03-26T06:36:23.250+0000] {processor.py:840} INFO - DAG(s) 'mediassist_pipeline' retrieved from /opt/airflow/dags/mediassist_etl_dag.py
[2026-03-26T06:36:23.304+0000] {logging_mixin.py:188} INFO - [2026-03-26T06:36:23.304+0000] {dag.py:3036} INFO - Sync 1 DAGs
[2026-03-26T06:36:23.338+0000] {logging_mixin.py:188} INFO - [2026-03-26T06:36:23.337+0000] {dag.py:3823} INFO - Setting next_dagrun for mediassist_pipeline to 2026-03-29 02:00:00+00:00, run_after=2026-04-05 02:00:00+00:00
[2026-03-26T06:36:23.375+0000] {processor.py:183} INFO - Processing /opt/airflow/dags/mediassist_etl_dag.py took 0.189 seconds
[2026-03-26T06:36:53.616+0000] {processor.py:161} INFO - Started process (PID=3054) to work on /opt/airflow/dags/mediassist_etl_dag.py
[2026-03-26T06:36:53.623+0000] {processor.py:830} INFO - Processing file /opt/airflow/dags/mediassist_etl_dag.py for tasks to queue
[2026-03-26T06:36:53.626+0000] {logging_mixin.py:188} INFO - [2026-03-26T06:36:53.626+0000] {dagbag.py:538} INFO - Filling up the DagBag from /opt/airflow/dags/mediassist_etl_dag.py
[2026-03-26T06:36:53.688+0000] {processor.py:840} INFO - DAG(s) 'mediassist_pipeline' retrieved from /opt/airflow/dags/mediassist_etl_dag.py
[2026-03-26T06:36:53.741+0000] {logging_mixin.py:188} INFO - [2026-03-26T06:36:53.740+0000] {dag.py:3036} INFO - Sync 1 DAGs
[2026-03-26T06:36:53.777+0000] {logging_mixin.py:188} INFO - [2026-03-26T06:36:53.776+0000] {dag.py:3823} INFO - Setting next_dagrun for mediassist_pipeline to 2026-03-29 02:00:00+00:00, run_after=2026-04-05 02:00:00+00:00
[2026-03-26T06:36:53.813+0000] {processor.py:183} INFO - Processing /opt/airflow/dags/mediassist_etl_dag.py took 0.205 seconds
[2026-03-26T06:37:24.072+0000] {processor.py:161} INFO - Started process (PID=3059) to work on /opt/airflow/dags/mediassist_etl_dag.py
[2026-03-26T06:37:24.075+0000] {processor.py:830} INFO - Processing file /opt/airflow/dags/mediassist_etl_dag.py for tasks to queue
[2026-03-26T06:37:24.078+0000] {logging_mixin.py:188} INFO - [2026-03-26T06:37:24.077+0000] {dagbag.py:538} INFO - Filling up the DagBag from /opt/airflow/dags/mediassist_etl_dag.py
[2026-03-26T06:37:24.150+0000] {processor.py:840} INFO - DAG(s) 'mediassist_pipeline' retrieved from /opt/airflow/dags/mediassist_etl_dag.py
[2026-03-26T06:37:24.220+0000] {logging_mixin.py:188} INFO - [2026-03-26T06:37:24.219+0000] {dag.py:3036} INFO - Sync 1 DAGs
[2026-03-26T06:37:24.256+0000] {logging_mixin.py:188} INFO - [2026-03-26T06:37:24.255+0000] {dag.py:3823} INFO - Setting next_dagrun for mediassist_pipeline to 2026-03-29 02:00:00+00:00, run_after=2026-04-05 02:00:00+00:00
[2026-03-26T06:37:24.295+0000] {processor.py:183} INFO - Processing /opt/airflow/dags/mediassist_etl_dag.py took 0.230 seconds
[2026-03-26T06:37:54.439+0000] {processor.py:161} INFO - Started process (PID=3064) to work on /opt/airflow/dags/mediassist_etl_dag.py
[2026-03-26T06:37:54.441+0000] {processor.py:830} INFO - Processing file /opt/airflow/dags/mediassist_etl_dag.py for tasks to queue
[2026-03-26T06:37:54.444+0000] {logging_mixin.py:188} INFO - [2026-03-26T06:37:54.443+0000] {dagbag.py:538} INFO - Filling up the DagBag from /opt/airflow/dags/mediassist_etl_dag.py
[2026-03-26T06:37:54.489+0000] {processor.py:840} INFO - DAG(s) 'mediassist_pipeline' retrieved from /opt/airflow/dags/mediassist_etl_dag.py
[2026-03-26T06:37:54.534+0000] {logging_mixin.py:188} INFO - [2026-03-26T06:37:54.533+0000] {dag.py:3036} INFO - Sync 1 DAGs
[2026-03-26T06:37:54.558+0000] {logging_mixin.py:188} INFO - [2026-03-26T06:37:54.557+0000] {dag.py:3823} INFO - Setting next_dagrun for mediassist_pipeline to 2026-03-29 02:00:00+00:00, run_after=2026-04-05 02:00:00+00:00
[2026-03-26T06:37:54.580+0000] {processor.py:183} INFO - Processing /opt/airflow/dags/mediassist_etl_dag.py took 0.146 seconds
[2026-03-26T06:38:24.904+0000] {processor.py:161} INFO - Started process (PID=3069) to work on /opt/airflow/dags/mediassist_etl_dag.py
[2026-03-26T06:38:24.907+0000] {processor.py:830} INFO - Processing file /opt/airflow/dags/mediassist_etl_dag.py for tasks to queue
[2026-03-26T06:38:24.909+0000] {logging_mixin.py:188} INFO - [2026-03-26T06:38:24.909+0000] {dagbag.py:538} INFO - Filling up the DagBag from /opt/airflow/dags/mediassist_etl_dag.py
[2026-03-26T06:38:24.987+0000] {processor.py:840} INFO - DAG(s) 'mediassist_pipeline' retrieved from /opt/airflow/dags/mediassist_etl_dag.py
[2026-03-26T06:38:25.051+0000] {logging_mixin.py:188} INFO - [2026-03-26T06:38:25.050+0000] {dag.py:3036} INFO - Sync 1 DAGs
[2026-03-26T06:38:25.085+0000] {logging_mixin.py:188} INFO - [2026-03-26T06:38:25.085+0000] {dag.py:3823} INFO - Setting next_dagrun for mediassist_pipeline to 2026-03-29 02:00:00+00:00, run_after=2026-04-05 02:00:00+00:00
[2026-03-26T06:38:25.122+0000] {processor.py:183} INFO - Processing /opt/airflow/dags/mediassist_etl_dag.py took 0.225 seconds
[2026-03-26T06:38:55.287+0000] {processor.py:161} INFO - Started process (PID=3074) to work on /opt/airflow/dags/mediassist_etl_dag.py
[2026-03-26T06:38:55.289+0000] {processor.py:830} INFO - Processing file /opt/airflow/dags/mediassist_etl_dag.py for tasks to queue
[2026-03-26T06:38:55.291+0000] {logging_mixin.py:188} INFO - [2026-03-26T06:38:55.291+0000] {dagbag.py:538} INFO - Filling up the DagBag from /opt/airflow/dags/mediassist_etl_dag.py
[2026-03-26T06:38:55.357+0000] {processor.py:840} INFO - DAG(s) 'mediassist_pipeline' retrieved from /opt/airflow/dags/mediassist_etl_dag.py
[2026-03-26T06:38:55.416+0000] {logging_mixin.py:188} INFO - [2026-03-26T06:38:55.416+0000] {dag.py:3036} INFO - Sync 1 DAGs
[2026-03-26T06:38:55.450+0000] {logging_mixin.py:188} INFO - [2026-03-26T06:38:55.450+0000] {dag.py:3823} INFO - Setting next_dagrun for mediassist_pipeline to 2026-03-29 02:00:00+00:00, run_after=2026-04-05 02:00:00+00:00
[2026-03-26T06:38:55.495+0000] {processor.py:183} INFO - Processing /opt/airflow/dags/mediassist_etl_dag.py took 0.215 seconds
