[2026-03-24T13:31:11.530+0000] {taskinstance.py:1956} INFO - Dependencies all met for dep_context=non-requeueable deps ti=<TaskInstance: mediassist_pipeline.features manual__2026-03-24T13:22:05+00:00 [queued]>
[2026-03-24T13:31:11.540+0000] {taskinstance.py:1956} INFO - Dependencies all met for dep_context=requeueable deps ti=<TaskInstance: mediassist_pipeline.features manual__2026-03-24T13:22:05+00:00 [queued]>
[2026-03-24T13:31:11.541+0000] {taskinstance.py:2170} INFO - Starting attempt 2 of 2
[2026-03-24T13:31:11.557+0000] {taskinstance.py:2191} INFO - Executing <Task(PythonOperator): features> on 2026-03-24 13:22:05+00:00
[2026-03-24T13:31:11.564+0000] {standard_task_runner.py:60} INFO - Started process 1998 to run task
[2026-03-24T13:31:11.567+0000] {standard_task_runner.py:87} INFO - Running: ['***', 'tasks', 'run', 'mediassist_pipeline', 'features', 'manual__2026-03-24T13:22:05+00:00', '--job-id', '13', '--raw', '--subdir', 'DAGS_FOLDER/mediassist_etl_dag.py', '--cfg-path', '/tmp/tmp6so4v_gd']
[2026-03-24T13:31:11.570+0000] {standard_task_runner.py:88} INFO - Job 13: Subtask features
[2026-03-24T13:31:11.642+0000] {task_command.py:423} INFO - Running <TaskInstance: mediassist_pipeline.features manual__2026-03-24T13:22:05+00:00 [running]> on host 781ede614011
[2026-03-24T13:31:11.783+0000] {taskinstance.py:2480} INFO - Exporting env vars: AIRFLOW_CTX_DAG_OWNER='abir_meskini' AIRFLOW_CTX_DAG_ID='mediassist_pipeline' AIRFLOW_CTX_TASK_ID='features' AIRFLOW_CTX_EXECUTION_DATE='2026-03-24T13:22:05+00:00' AIRFLOW_CTX_TRY_NUMBER='2' AIRFLOW_CTX_DAG_RUN_ID='manual__2026-03-24T13:22:05+00:00'
[2026-03-24T13:31:15.611+0000] {taskinstance.py:2698} ERROR - Task failed with exception
Traceback (most recent call last):
  File "/home/airflow/.local/lib/python3.8/site-packages/airflow/models/taskinstance.py", line 433, in _execute_task
    result = execute_callable(context=context, **execute_callable_kwargs)
  File "/home/airflow/.local/lib/python3.8/site-packages/airflow/operators/python.py", line 199, in execute
    return_value = self.execute_callable()
  File "/home/airflow/.local/lib/python3.8/site-packages/airflow/operators/python.py", line 216, in execute_callable
    return self.python_callable(*self.op_args, **self.op_kwargs)
  File "/opt/airflow/dags/mediassist_etl_dag.py", line 189, in feature_engineering
    df.to_csv(os.path.join(PROC_PATH, "dataset_final.csv"), index=False)
  File "/home/airflow/.local/lib/python3.8/site-packages/pandas/core/generic.py", line 3772, in to_csv
    return DataFrameRenderer(formatter).to_csv(
  File "/home/airflow/.local/lib/python3.8/site-packages/pandas/io/formats/format.py", line 1186, in to_csv
    csv_formatter.save()
  File "/home/airflow/.local/lib/python3.8/site-packages/pandas/io/formats/csvs.py", line 240, in save
    with get_handle(
  File "/home/airflow/.local/lib/python3.8/site-packages/pandas/io/common.py", line 859, in get_handle
    handle = open(
PermissionError: [Errno 13] Permission denied: '/opt/airflow/ml/data/processed/dataset_final.csv'
[2026-03-24T13:31:15.641+0000] {taskinstance.py:1138} INFO - Marking task as FAILED. dag_id=mediassist_pipeline, task_id=features, execution_date=20260324T132205, start_date=20260324T133111, end_date=20260324T133115
[2026-03-24T13:31:15.664+0000] {standard_task_runner.py:107} ERROR - Failed to execute job 13 for task features ([Errno 13] Permission denied: '/opt/airflow/ml/data/processed/dataset_final.csv'; 1998)
[2026-03-24T13:31:15.717+0000] {local_task_job_runner.py:234} INFO - Task exited with return code 1
[2026-03-24T13:31:15.765+0000] {taskinstance.py:3280} INFO - 0 downstream tasks scheduled from follow-on schedule check
