[2026-03-24T09:04:27.004+0000] {taskinstance.py:1956} INFO - Dependencies all met for dep_context=non-requeueable deps ti=<TaskInstance: mediassist_pipeline.features manual__2026-03-24T09:04:18+00:00 [queued]>
[2026-03-24T09:04:27.013+0000] {taskinstance.py:1956} INFO - Dependencies all met for dep_context=requeueable deps ti=<TaskInstance: mediassist_pipeline.features manual__2026-03-24T09:04:18+00:00 [queued]>
[2026-03-24T09:04:27.014+0000] {taskinstance.py:2170} INFO - Starting attempt 1 of 2
[2026-03-24T09:04:27.026+0000] {taskinstance.py:2191} INFO - Executing <Task(PythonOperator): features> on 2026-03-24 09:04:18+00:00
[2026-03-24T09:04:27.033+0000] {standard_task_runner.py:60} INFO - Started process 251 to run task
[2026-03-24T09:04:27.036+0000] {standard_task_runner.py:87} INFO - Running: ['***', 'tasks', 'run', 'mediassist_pipeline', 'features', 'manual__2026-03-24T09:04:18+00:00', '--job-id', '5', '--raw', '--subdir', 'DAGS_FOLDER/mediassist_etl_dag.py', '--cfg-path', '/tmp/tmpggzbm6pq']
[2026-03-24T09:04:27.038+0000] {standard_task_runner.py:88} INFO - Job 5: Subtask features
[2026-03-24T09:04:27.086+0000] {task_command.py:423} INFO - Running <TaskInstance: mediassist_pipeline.features manual__2026-03-24T09:04:18+00:00 [running]> on host 781ede614011
[2026-03-24T09:04:27.156+0000] {taskinstance.py:2480} INFO - Exporting env vars: AIRFLOW_CTX_DAG_OWNER='abir_meskini' AIRFLOW_CTX_DAG_ID='mediassist_pipeline' AIRFLOW_CTX_TASK_ID='features' AIRFLOW_CTX_EXECUTION_DATE='2026-03-24T09:04:18+00:00' AIRFLOW_CTX_TRY_NUMBER='1' AIRFLOW_CTX_DAG_RUN_ID='manual__2026-03-24T09:04:18+00:00'
[2026-03-24T09:04:27.468+0000] {taskinstance.py:2698} ERROR - Task failed with exception
Traceback (most recent call last):
  File "/home/airflow/.local/lib/python3.8/site-packages/airflow/models/taskinstance.py", line 433, in _execute_task
    result = execute_callable(context=context, **execute_callable_kwargs)
  File "/home/airflow/.local/lib/python3.8/site-packages/airflow/operators/python.py", line 199, in execute
    return_value = self.execute_callable()
  File "/home/airflow/.local/lib/python3.8/site-packages/airflow/operators/python.py", line 216, in execute_callable
    return self.python_callable(*self.op_args, **self.op_kwargs)
  File "/opt/airflow/dags/mediassist_etl_dag.py", line 146, in feature_engineering
    import joblib
ModuleNotFoundError: No module named 'joblib'
[2026-03-24T09:04:27.480+0000] {taskinstance.py:1138} INFO - Marking task as UP_FOR_RETRY. dag_id=mediassist_pipeline, task_id=features, execution_date=20260324T090418, start_date=20260324T090427, end_date=20260324T090427
[2026-03-24T09:04:27.492+0000] {standard_task_runner.py:107} ERROR - Failed to execute job 5 for task features (No module named 'joblib'; 251)
[2026-03-24T09:04:27.502+0000] {local_task_job_runner.py:234} INFO - Task exited with return code 1
[2026-03-24T09:04:27.522+0000] {taskinstance.py:3280} INFO - 0 downstream tasks scheduled from follow-on schedule check
