[2026-03-24T13:24:08.711+0000] {taskinstance.py:1956} INFO - Dependencies all met for dep_context=non-requeueable deps ti=<TaskInstance: mediassist_pipeline.features manual__2026-03-24T09:04:18+00:00 [queued]>
[2026-03-24T13:24:08.730+0000] {taskinstance.py:1956} INFO - Dependencies all met for dep_context=requeueable deps ti=<TaskInstance: mediassist_pipeline.features manual__2026-03-24T09:04:18+00:00 [queued]>
[2026-03-24T13:24:08.732+0000] {taskinstance.py:2170} INFO - Starting attempt 4 of 4
[2026-03-24T13:24:08.756+0000] {taskinstance.py:2191} INFO - Executing <Task(PythonOperator): features> on 2026-03-24 09:04:18+00:00
[2026-03-24T13:24:08.767+0000] {standard_task_runner.py:60} INFO - Started process 1970 to run task
[2026-03-24T13:24:08.771+0000] {standard_task_runner.py:87} INFO - Running: ['***', 'tasks', 'run', 'mediassist_pipeline', 'features', 'manual__2026-03-24T09:04:18+00:00', '--job-id', '12', '--raw', '--subdir', 'DAGS_FOLDER/mediassist_etl_dag.py', '--cfg-path', '/tmp/tmp6b9fgc15']
[2026-03-24T13:24:08.775+0000] {standard_task_runner.py:88} INFO - Job 12: Subtask features
[2026-03-24T13:24:08.862+0000] {task_command.py:423} INFO - Running <TaskInstance: mediassist_pipeline.features manual__2026-03-24T09:04:18+00:00 [running]> on host 781ede614011
[2026-03-24T13:24:09.003+0000] {taskinstance.py:2480} INFO - Exporting env vars: AIRFLOW_CTX_DAG_OWNER='abir_meskini' AIRFLOW_CTX_DAG_ID='mediassist_pipeline' AIRFLOW_CTX_TASK_ID='features' AIRFLOW_CTX_EXECUTION_DATE='2026-03-24T09:04:18+00:00' AIRFLOW_CTX_TRY_NUMBER='4' AIRFLOW_CTX_DAG_RUN_ID='manual__2026-03-24T09:04:18+00:00'
[2026-03-24T13:24:09.005+0000] {taskinstance.py:2698} ERROR - Task failed with exception
Traceback (most recent call last):
  File "/home/airflow/.local/lib/python3.8/site-packages/airflow/models/taskinstance.py", line 433, in _execute_task
    result = execute_callable(context=context, **execute_callable_kwargs)
  File "/home/airflow/.local/lib/python3.8/site-packages/airflow/operators/python.py", line 199, in execute
    return_value = self.execute_callable()
  File "/home/airflow/.local/lib/python3.8/site-packages/airflow/operators/python.py", line 216, in execute_callable
    return self.python_callable(*self.op_args, **self.op_kwargs)
  File "/opt/airflow/dags/mediassist_etl_dag.py", line 189, in feature_engineering
    df.to_csv(os.path.join(PROC_PATH, "dataset_final.csv"), index=False)
  File "/home/airflow/.local/lib/python3.8/site-packages/pandas/core/generic.py", line 3772, in to_csv
    return DataFrameRenderer(formatter).to_csv(
  File "/home/airflow/.local/lib/python3.8/site-packages/pandas/io/formats/format.py", line 1186, in to_csv
    csv_formatter.save()
  File "/home/airflow/.local/lib/python3.8/site-packages/pandas/io/formats/csvs.py", line 240, in save
    with get_handle(
  File "/home/airflow/.local/lib/python3.8/site-packages/pandas/io/common.py", line 859, in get_handle
    handle = open(
PermissionError: [Errno 13] Permission denied: '/opt/airflow/ml/data/processed/dataset_final.csv'
[2026-03-24T13:24:09.047+0000] {taskinstance.py:1138} INFO - Marking task as FAILED. dag_id=mediassist_pipeline, task_id=features, execution_date=20260324T090418, start_date=20260324T132408, end_date=20260324T132409
[2026-03-24T13:24:09.074+0000] {standard_task_runner.py:107} ERROR - Failed to execute job 12 for task features ([Errno 13] Permission denied: '/opt/airflow/ml/data/processed/dataset_final.csv'; 1970)
[2026-03-24T13:24:09.116+0000] {local_task_job_runner.py:234} INFO - Task exited with return code 1
[2026-03-24T13:24:09.142+0000] {taskinstance.py:3280} INFO - 0 downstream tasks scheduled from follow-on schedule check
